<?xml version="1.0" encoding="UTF-8"?>
<testsuite xmlns:xsi="http://www.w3.org/2001/XMLSchema-instance" xsi:noNamespaceSchemaLocation="https://maven.apache.org/surefire/maven-surefire-plugin/xsd/surefire-test-report.xsd" name="bgu.spl.mics.MessageBusImplTest" time="0.053" tests="8" errors="3" skipped="0" failures="0">
  <properties>
    <property name="sun.desktop" value="gnome"/>
    <property name="awt.toolkit" value="sun.awt.X11.XToolkit"/>
    <property name="file.encoding.pkg" value="sun.io"/>
    <property name="java.specification.version" value="1.8"/>
    <property name="sun.cpu.isalist" value=""/>
    <property name="sun.jnu.encoding" value="UTF-8"/>
    <property name="java.class.path" value="/home/spl211/IdeaProjects/assigment2FIX/target/test-classes:/home/spl211/IdeaProjects/assigment2FIX/target/classes:/home/spl211/.m2/repository/org/junit/jupiter/junit-jupiter-engine/5.6.0-M1/junit-jupiter-engine-5.6.0-M1.jar:/home/spl211/.m2/repository/org/apiguardian/apiguardian-api/1.1.0/apiguardian-api-1.1.0.jar:/home/spl211/.m2/repository/org/junit/platform/junit-platform-engine/1.6.0-M1/junit-platform-engine-1.6.0-M1.jar:/home/spl211/.m2/repository/org/opentest4j/opentest4j/1.2.0/opentest4j-1.2.0.jar:/home/spl211/.m2/repository/org/junit/platform/junit-platform-commons/1.6.0-M1/junit-platform-commons-1.6.0-M1.jar:/home/spl211/.m2/repository/org/junit/jupiter/junit-jupiter-api/5.6.0-M1/junit-jupiter-api-5.6.0-M1.jar:/home/spl211/.m2/repository/com/google/code/gson/gson/2.8.6/gson-2.8.6.jar:"/>
    <property name="java.vm.vendor" value="Private Build"/>
    <property name="sun.arch.data.model" value="64"/>
    <property name="java.vendor.url" value="http://java.oracle.com/"/>
    <property name="user.timezone" value=""/>
    <property name="java.vm.specification.version" value="1.8"/>
    <property name="os.name" value="Linux"/>
    <property name="user.country" value="IL"/>
    <property name="sun.java.launcher" value="SUN_STANDARD"/>
    <property name="sun.boot.library.path" value="/usr/lib/jvm/java-8-openjdk-amd64/jre/lib/amd64"/>
    <property name="sun.java.command" value="/home/spl211/IdeaProjects/assigment2FIX/target/surefire/surefirebooter2196876513000467142.jar /home/spl211/IdeaProjects/assigment2FIX/target/surefire 2020-12-01T19-51-36_414-jvmRun1 surefire855573530518539353tmp surefire_03657337895102215978tmp"/>
    <property name="surefire.test.class.path" value="/home/spl211/IdeaProjects/assigment2FIX/target/test-classes:/home/spl211/IdeaProjects/assigment2FIX/target/classes:/home/spl211/.m2/repository/org/junit/jupiter/junit-jupiter-engine/5.6.0-M1/junit-jupiter-engine-5.6.0-M1.jar:/home/spl211/.m2/repository/org/apiguardian/apiguardian-api/1.1.0/apiguardian-api-1.1.0.jar:/home/spl211/.m2/repository/org/junit/platform/junit-platform-engine/1.6.0-M1/junit-platform-engine-1.6.0-M1.jar:/home/spl211/.m2/repository/org/opentest4j/opentest4j/1.2.0/opentest4j-1.2.0.jar:/home/spl211/.m2/repository/org/junit/platform/junit-platform-commons/1.6.0-M1/junit-platform-commons-1.6.0-M1.jar:/home/spl211/.m2/repository/org/junit/jupiter/junit-jupiter-api/5.6.0-M1/junit-jupiter-api-5.6.0-M1.jar:/home/spl211/.m2/repository/com/google/code/gson/gson/2.8.6/gson-2.8.6.jar:"/>
    <property name="sun.cpu.endian" value="little"/>
    <property name="user.home" value="/home/spl211"/>
    <property name="user.language" value="en"/>
    <property name="java.specification.vendor" value="Oracle Corporation"/>
    <property name="java.home" value="/usr/lib/jvm/java-8-openjdk-amd64/jre"/>
    <property name="basedir" value="/home/spl211/IdeaProjects/assigment2FIX"/>
    <property name="file.separator" value="/"/>
    <property name="line.separator" value="&#10;"/>
    <property name="java.vm.specification.vendor" value="Oracle Corporation"/>
    <property name="java.specification.name" value="Java Platform API Specification"/>
    <property name="java.awt.graphicsenv" value="sun.awt.X11GraphicsEnvironment"/>
    <property name="surefire.real.class.path" value="/home/spl211/IdeaProjects/assigment2FIX/target/surefire/surefirebooter2196876513000467142.jar"/>
    <property name="sun.boot.class.path" value="/usr/lib/jvm/java-8-openjdk-amd64/jre/lib/resources.jar:/usr/lib/jvm/java-8-openjdk-amd64/jre/lib/rt.jar:/usr/lib/jvm/java-8-openjdk-amd64/jre/lib/sunrsasign.jar:/usr/lib/jvm/java-8-openjdk-amd64/jre/lib/jsse.jar:/usr/lib/jvm/java-8-openjdk-amd64/jre/lib/jce.jar:/usr/lib/jvm/java-8-openjdk-amd64/jre/lib/charsets.jar:/usr/lib/jvm/java-8-openjdk-amd64/jre/lib/jfr.jar:/usr/lib/jvm/java-8-openjdk-amd64/jre/classes"/>
    <property name="sun.management.compiler" value="HotSpot 64-Bit Tiered Compilers"/>
    <property name="java.runtime.version" value="1.8.0_275-8u275-b01-0ubuntu1~18.04-b01"/>
    <property name="user.name" value="spl211"/>
    <property name="path.separator" value=":"/>
    <property name="os.version" value="4.15.0-123-generic"/>
    <property name="java.endorsed.dirs" value="/usr/lib/jvm/java-8-openjdk-amd64/jre/lib/endorsed"/>
    <property name="java.runtime.name" value="OpenJDK Runtime Environment"/>
    <property name="file.encoding" value="UTF-8"/>
    <property name="java.vm.name" value="OpenJDK 64-Bit Server VM"/>
    <property name="localRepository" value="/home/spl211/.m2/repository"/>
    <property name="java.vendor.url.bug" value="http://bugreport.sun.com/bugreport/"/>
    <property name="java.io.tmpdir" value="/tmp"/>
    <property name="java.version" value="1.8.0_275"/>
    <property name="user.dir" value="/home/spl211/IdeaProjects/assigment2FIX"/>
    <property name="os.arch" value="amd64"/>
    <property name="java.vm.specification.name" value="Java Virtual Machine Specification"/>
    <property name="java.awt.printerjob" value="sun.print.PSPrinterJob"/>
    <property name="sun.os.patch.level" value="unknown"/>
    <property name="java.library.path" value="/usr/java/packages/lib/amd64:/usr/lib/x86_64-linux-gnu/jni:/lib/x86_64-linux-gnu:/usr/lib/x86_64-linux-gnu:/usr/lib/jni:/lib:/usr/lib"/>
    <property name="java.vm.info" value="mixed mode"/>
    <property name="java.vendor" value="Private Build"/>
    <property name="java.vm.version" value="25.275-b01"/>
    <property name="java.ext.dirs" value="/usr/lib/jvm/java-8-openjdk-amd64/jre/lib/ext:/usr/java/packages/lib/ext"/>
    <property name="sun.io.unicode.encoding" value="UnicodeLittle"/>
    <property name="java.class.version" value="52.0"/>
  </properties>
  <testcase name="testSubscribeBroadcast" classname="bgu.spl.mics.MessageBusImplTest" time="0.024"/>
  <testcase name="testRegister" classname="bgu.spl.mics.MessageBusImplTest" time="0.001"/>
  <testcase name="testComplete" classname="bgu.spl.mics.MessageBusImplTest" time="0.007">
    <error message="MicroService never register to the message bus" type="java.lang.IllegalStateException">java.lang.IllegalStateException: MicroService never register to the message bus
	at bgu.spl.mics.MessageBusImplTest.testComplete(MessageBusImplTest.java:55)
</error>
  </testcase>
  <testcase name="testUnregister" classname="bgu.spl.mics.MessageBusImplTest" time="0.001"/>
  <testcase name="testSubscribeEvent" classname="bgu.spl.mics.MessageBusImplTest" time="0.001"/>
  <testcase name="testSendBroadcast" classname="bgu.spl.mics.MessageBusImplTest" time="0.001"/>
  <testcase name="testSendEvent" classname="bgu.spl.mics.MessageBusImplTest" time="0.003">
    <error message="MicroService never register to the message bus" type="java.lang.IllegalStateException">java.lang.IllegalStateException: MicroService never register to the message bus
	at bgu.spl.mics.MessageBusImplTest.testSendEvent(MessageBusImplTest.java:75)
</error>
  </testcase>
  <testcase name="testAwaitMessage" classname="bgu.spl.mics.MessageBusImplTest" time="0.001">
    <error message="MicroService never register to the message bus" type="java.lang.IllegalStateException">java.lang.IllegalStateException: MicroService never register to the message bus
	at bgu.spl.mics.MessageBusImplTest.testAwaitMessage(MessageBusImplTest.java:109)
</error>
  </testcase>
</testsuite>